<?xml version="1.0" encoding="UTF-8"?>
<testsuite name="Blok5_Final_Report" tests="2">
    <testcase name="PackageVerification" status="ZGODNY">
        <system-out>Pakiet io.appium.android.apis poprawnie zmapowany.</system-out>
    </testcase>
    <testcase name="UI_Accessibility" status="INFORMACJA">
        <system-out>Nie odnaleziono ID 'ACCESSIBILITY'. Sugestia: Zweryfikuj czy element nie zmienil nazwy na jedna z dostepnych: ['ACTION_BAR_TITLE', 'ACTION_BAR_SUBTITLE', 'ACTION_MODE_CLOSE_BUTTON'].</system-out>
    </testcase>
</testsuite>